<?xml version="1.0" encoding="UTF-8"?>
<testsuite name="org.bubblesort.BubbleSortTest" tests="5" skipped="0" failures="0" errors="0" timestamp="2023-01-12T23:59:21" hostname="RAPAMPAMFAU" time="0.018">
  <properties/>
  <testcase name="testEmptyInput()" classname="org.bubblesort.BubbleSortTest" time="0.013"/>
  <testcase name="testListWithNull()" classname="org.bubblesort.BubbleSortTest" time="0.001"/>
  <testcase name="testIntegers()" classname="org.bubblesort.BubbleSortTest" time="0.001"/>
  <testcase name="testDoubles()" classname="org.bubblesort.BubbleSortTest" time="0.001"/>
  <testcase name="testNullInput()" classname="org.bubblesort.BubbleSortTest" time="0.001"/>
  <system-out><![CDATA[]]></system-out>
  <system-err><![CDATA[]]></system-err>
</testsuite>
