<?xml version="1.0" encoding="UTF-8"?>
<testsuite name="org.wordscounter.BalancedWordsCounterTest" tests="4" skipped="0" failures="0" errors="0" timestamp="2023-01-13T01:40:58" hostname="RAPAMPAMFAU" time="0.019">
  <properties/>
  <testcase name="testInputNotOnlyWithLetters()" classname="org.wordscounter.BalancedWordsCounterTest" time="0.013"/>
  <testcase name="testEmptyInput()" classname="org.wordscounter.BalancedWordsCounterTest" time="0.001"/>
  <testcase name="testInputForLettersOnly()" classname="org.wordscounter.BalancedWordsCounterTest" time="0.003"/>
  <testcase name="testInputWithNull()" classname="org.wordscounter.BalancedWordsCounterTest" time="0.001"/>
  <system-out><![CDATA[]]></system-out>
  <system-err><![CDATA[]]></system-err>
</testsuite>
